<?xml version="1.0" encoding="UTF-8"?>
<testsuite xmlns:xsi="http://www.w3.org/2001/XMLSchema-instance" xsi:schemaLocation="https://maven.apache.org/surefire/maven-surefire-plugin/xsd/surefire-test-report.xsd" name="TestSuite" time="95.726" tests="4" errors="0" skipped="2" failures="1">
  <properties>
[...]
</properties>
  <testcase name="buyPerfumeTest" classname="tests.BuyPerfumeTest" time="0">
    <skipped message="Expected condition failed: waiting for visibility of [[ChromeDriver: chrome on XP (8f51738573391c0cbb9fb7f938560222)] -&gt; css selector: #htmlData &gt; div.footer.row &gt; div &gt; a] (tried for 10 second(s) with 500 milliseconds interval)&#10;Build info: version: &apos;3.14.0&apos;, revision: &apos;aacccce0&apos;, time: &apos;2018-08-02T20:19:58.91Z&apos;&#10;System info: host: &apos;BY-DF160&apos;, ip: &apos;10.134.22.88&apos;, os.name: &apos;Windows Server 2012 R2&apos;, os.arch: &apos;amd64&apos;, os.version: &apos;6.3&apos;, java.version: &apos;1.8.0_111&apos;&#10;Driver info: org.openqa.selenium.chrome.ChromeDriver&#10;Capabilities {acceptInsecureCerts: false, acceptSslCerts: false, applicationCacheEnabled: false, browserConnectionEnabled: false, browserName: chrome, chrome: {chromedriverVersion: 2.43.600210 (68dcf5eebde371..., userDataDir: C:\Users\emjsw\AppData\Loca...}, cssSelectorsEnabled: true, databaseEnabled: false, goog:chromeOptions: {debuggerAddress: localhost:55670}, handlesAlerts: true, hasTouchScreen: false, javascriptEnabled: true, locationContextEnabled: true, mobileEmulationEnabled: false, nativeEvents: true, networkConnectionEnabled: false, pageLoadStrategy: normal, platform: XP, platformName: XP, rotatable: false, setWindowRect: true, takesHeapSnapshot: true, takesScreenshot: true, unexpectedAlertBehaviour: , unhandledPromptBehavior: , version: 70.0.3538.77, webStorageEnabled: true}&#10;Session ID: 8f51738573391c0cbb9fb7f938560222"/>
    <system-out><![CDATA[Directory already exists: C:\Users\emjsw\flaconi\WEB\TestReport
ExtentReport Path for WINDOWS: C:\Users\emjsw\flaconi\WEB\TestReport

Retrying test buyPerfumeTest with status FAILURE for the 1 time(s).
]]></system-out>
    <system-err><![CDATA[Starting ChromeDriver 2.43.600210 (68dcf5eebde37173d4027fa8635e332711d2874a) on port 42160
Only local connections are allowed.
Nov 18, 2018 7:01:37 PM org.openqa.selenium.remote.ProtocolHandshake createSession
INFO: Detected dialect: OSS
]]></system-err>
  </testcase>
  <testcase name="buyPerfumeTest" classname="tests.BuyPerfumeTest" time="12.209"/>
  <testcase name="buyPerfumeTestFailureScreenshot" classname="tests.BuyPerfumeTest" time="0">
    <skipped message="expected [false] but found [true]"/>
    <system-out><![CDATA[Retrying test buyPerfumeTestFailureScreenshot with status FAILURE for the 1 time(s).
]]></system-out>
    <system-err><![CDATA[Starting ChromeDriver 2.43.600210 (68dcf5eebde37173d4027fa8635e332711d2874a) on port 23642
Only local connections are allowed.
Nov 18, 2018 7:02:39 PM org.openqa.selenium.remote.ProtocolHandshake createSession
INFO: Detected dialect: OSS
]]></system-err>
  </testcase>
  <testcase name="buyPerfumeTestFailureScreenshot" classname="tests.BuyPerfumeTest" time="0.505">
    <failure message="expected [false] but found [true]" type="java.lang.AssertionError">java.lang.AssertionError: expected [false] but found [true]
	at tests.BuyPerfumeTest.buyPerfumeTestFailureScreenshot(BuyPerfumeTest.java:47)
</failure>
    <system-err><![CDATA[Starting ChromeDriver 2.43.600210 (68dcf5eebde37173d4027fa8635e332711d2874a) on port 48013
Only local connections are allowed.
Nov 18, 2018 7:02:59 PM org.openqa.selenium.remote.ProtocolHandshake createSession
INFO: Detected dialect: OSS
]]></system-err>
  </testcase>
</testsuite>