<?xml version="1.0" encoding="UTF-8"?>
<testng-results skipped="0" failed="0" ignored="0" total="1" passed="1">
  <reporter-output>
  </reporter-output>
  <suite name="Suite" duration-ms="33484" started-at="2018-11-09T08:13:11Z" finished-at="2018-11-09T08:13:44Z">
    <groups>
    </groups>
    <test name="Test suite" duration-ms="33484" started-at="2018-11-09T08:13:11Z" finished-at="2018-11-09T08:13:44Z">
      <class name="tests.BuyPerfumeTest">
        <test-method status="PASS" signature="setUp()[pri:0, instance:tests.BuyPerfumeTest@25bbf683]" name="setUp" is-config="true" duration-ms="25798" started-at="2018-11-09T08:13:11Z" finished-at="2018-11-09T08:13:37Z">
          <reporter-output>
          </reporter-output>
        </test-method> <!-- setUp -->
        <test-method status="PASS" signature="buyPerfumeTestFailureScreenshot()[pri:2, instance:tests.BuyPerfumeTest@25bbf683]" name="buyPerfumeTestFailureScreenshot" duration-ms="6687" started-at="2018-11-09T08:13:37Z" finished-at="2018-11-09T08:13:43Z">
          <reporter-output>
          </reporter-output>
        </test-method> <!-- buyPerfumeTestFailureScreenshot -->
        <test-method status="PASS" signature="tearDown()[pri:0, instance:tests.BuyPerfumeTest@25bbf683]" name="tearDown" is-config="true" duration-ms="944" started-at="2018-11-09T08:13:43Z" finished-at="2018-11-09T08:13:44Z">
          <reporter-output>
          </reporter-output>
        </test-method> <!-- tearDown -->
      </class> <!-- tests.BuyPerfumeTest -->
    </test> <!-- Test suite -->
  </suite> <!-- Suite -->
</testng-results>
